2025-07-20 21:19:55,854 - utils.logger - INFO - Logger initialized.
2025-07-20 21:30:06,571 - config.manager - INFO - Settings saved to config.json
2025-07-20 21:30:06,571 - utils.logger - INFO - Application closing.
2025-07-20 21:59:25,491 - utils.logger - INFO - Logger initialized.
2025-07-20 21:59:40,016 - core.lister - INFO - Listing HTTP directory at depth 0: http://172.16.50.9/DHAKA-FLIX-9/Anime%20%26%20Cartoon%20TV%20Series/Anime-TV%20Series%20%E2%99%A5%20%20A%20%20%E2%80%94%20%20F/Aldnoah.Zero%20%28TV%20Cartoon%202014%E2%80%93%20%29%20720p/Season%201/
2025-07-20 21:59:54,028 - core.lister - INFO - Found item: modern browsers (File) at path: http://browsehappy.com
2025-07-20 21:59:54,029 - core.lister - INFO - Found item: powered by SamOnline (Directory) at path: https://larsjung.de/h5ai
2025-07-20 21:59:54,031 - core.lister - INFO - Found item: [HorribleSubs] Aldnoah Zero - 01 [720p].mkv (File) at path: %5BHorribleSubs%5D%20Aldnoah%20Zero%20-%2001%20%5B720p%5D.mkv
2025-07-20 21:59:54,031 - core.lister - INFO - Found item: [HorribleSubs] Aldnoah Zero - 02 [720p].mkv (File) at path: %5BHorribleSubs%5D%20Aldnoah%20Zero%20-%2002%20%5B720p%5D.mkv
2025-07-20 21:59:54,031 - core.lister - INFO - Found item: [HorribleSubs] Aldnoah Zero - 03 [720p].mkv (File) at path: %5BHorribleSubs%5D%20Aldnoah%20Zero%20-%2003%20%5B720p%5D.mkv
2025-07-20 21:59:54,031 - core.lister - INFO - Found item: [HorribleSubs] Aldnoah Zero - 04 [720p].mkv (File) at path: %5BHorribleSubs%5D%20Aldnoah%20Zero%20-%2004%20%5B720p%5D.mkv
2025-07-20 21:59:54,031 - core.lister - INFO - Found item: [HorribleSubs] Aldnoah Zero - 05 [720p].mkv (File) at path: %5BHorribleSubs%5D%20Aldnoah%20Zero%20-%2005%20%5B720p%5D.mkv
2025-07-20 21:59:54,031 - core.lister - INFO - Found item: [HorribleSubs] Aldnoah Zero - 06 [720p].mkv (File) at path: %5BHorribleSubs%5D%20Aldnoah%20Zero%20-%2006%20%5B720p%5D.mkv
2025-07-20 21:59:54,032 - core.lister - INFO - Found item: [HorribleSubs] Aldnoah Zero - 07 [720p].mkv (File) at path: %5BHorribleSubs%5D%20Aldnoah%20Zero%20-%2007%20%5B720p%5D.mkv
2025-07-20 21:59:54,032 - core.lister - INFO - Found item: [HorribleSubs] Aldnoah Zero - 08 [720p].mkv (File) at path: %5BHorribleSubs%5D%20Aldnoah%20Zero%20-%2008%20%5B720p%5D.mkv
2025-07-20 21:59:54,032 - core.lister - INFO - Found item: [HorribleSubs] Aldnoah Zero - 09 [720p].mkv (File) at path: %5BHorribleSubs%5D%20Aldnoah%20Zero%20-%2009%20%5B720p%5D.mkv
2025-07-20 21:59:54,032 - core.lister - INFO - Found item: [HorribleSubs] Aldnoah Zero - 10 [720p].mkv (File) at path: %5BHorribleSubs%5D%20Aldnoah%20Zero%20-%2010%20%5B720p%5D.mkv
2025-07-20 21:59:54,032 - core.lister - INFO - Found item: [HorribleSubs] Aldnoah Zero - 11 [720p].mkv (File) at path: %5BHorribleSubs%5D%20Aldnoah%20Zero%20-%2011%20%5B720p%5D.mkv
2025-07-20 21:59:54,033 - core.lister - INFO - Found item: [HorribleSubs] Aldnoah Zero - 12 [720p].mkv (File) at path: %5BHorribleSubs%5D%20Aldnoah%20Zero%20-%2012%20%5B720p%5D.mkv
2025-07-20 22:02:34,368 - config.manager - INFO - Settings saved to config.json
2025-07-20 22:02:34,369 - utils.logger - INFO - Application closing.
2025-07-20 22:27:26,585 - utils.logger - INFO - Logger initialized.
2025-07-20 22:27:31,355 - core.lister - INFO - Listing HTTP directory at depth 0: http://172.16.50.9/DHAKA-FLIX-9/Anime%20%26%20Cartoon%20TV%20Series/Anime-TV%20Series%20%E2%99%A5%20%20G%20%20%E2%80%94%20%20M/Mitsuboshi%20Colors%20%28TV%20Cartoon%202018%E2%80%93%20%29%20720p/Season%201/
2025-07-20 22:27:31,485 - core.lister - INFO - Found item: modern browsers (File) at path: http://browsehappy.com
2025-07-20 22:27:31,485 - core.lister - INFO - Found item: powered by SamOnline (Directory) at path: https://larsjung.de/h5ai
2025-07-20 22:27:31,485 - core.lister - INFO - Found item: [HorribleSubs] Mitsuboshi Colors - 01 [720p].mkv (File) at path: %5BHorribleSubs%5D%20Mitsuboshi%20Colors%20-%2001%20%5B720p%5D.mkv
2025-07-20 22:27:31,485 - core.lister - INFO - Found item: [HorribleSubs] Mitsuboshi Colors - 02 [720p].mkv (File) at path: %5BHorribleSubs%5D%20Mitsuboshi%20Colors%20-%2002%20%5B720p%5D.mkv
2025-07-20 22:27:31,486 - core.lister - INFO - Found item: [HorribleSubs] Mitsuboshi Colors - 03 [720p].mkv (File) at path: %5BHorribleSubs%5D%20Mitsuboshi%20Colors%20-%2003%20%5B720p%5D.mkv
2025-07-20 22:27:31,486 - core.lister - INFO - Found item: [HorribleSubs] Mitsuboshi Colors - 04 [720p].mkv (File) at path: %5BHorribleSubs%5D%20Mitsuboshi%20Colors%20-%2004%20%5B720p%5D.mkv
2025-07-20 22:27:31,486 - core.lister - INFO - Found item: [HorribleSubs] Mitsuboshi Colors - 05 [720p].mkv (File) at path: %5BHorribleSubs%5D%20Mitsuboshi%20Colors%20-%2005%20%5B720p%5D.mkv
2025-07-20 22:27:31,486 - core.lister - INFO - Found item: [HorribleSubs] Mitsuboshi Colors - 06 [720p].mkv (File) at path: %5BHorribleSubs%5D%20Mitsuboshi%20Colors%20-%2006%20%5B720p%5D.mkv
2025-07-20 22:27:31,486 - core.lister - INFO - Found item: [HorribleSubs] Mitsuboshi Colors - 07 [720p].mkv (File) at path: %5BHorribleSubs%5D%20Mitsuboshi%20Colors%20-%2007%20%5B720p%5D.mkv
2025-07-20 22:27:31,486 - core.lister - INFO - Found item: [HorribleSubs] Mitsuboshi Colors - 08 [720p].mkv (File) at path: %5BHorribleSubs%5D%20Mitsuboshi%20Colors%20-%2008%20%5B720p%5D.mkv
2025-07-20 22:27:31,486 - core.lister - INFO - Found item: [HorribleSubs] Mitsuboshi Colors - 09 [720p].mkv (File) at path: %5BHorribleSubs%5D%20Mitsuboshi%20Colors%20-%2009%20%5B720p%5D.mkv
2025-07-20 22:27:31,487 - core.lister - INFO - Found item: [HorribleSubs] Mitsuboshi Colors - 10 [720p].mkv (File) at path: %5BHorribleSubs%5D%20Mitsuboshi%20Colors%20-%2010%20%5B720p%5D.mkv
2025-07-20 22:27:31,487 - core.lister - INFO - Found item: [HorribleSubs] Mitsuboshi Colors - 11 [720p].mkv (File) at path: %5BHorribleSubs%5D%20Mitsuboshi%20Colors%20-%2011%20%5B720p%5D.mkv
2025-07-20 22:27:31,487 - core.lister - INFO - Found item: [HorribleSubs] Mitsuboshi Colors - 12 [720p].mkv (File) at path: %5BHorribleSubs%5D%20Mitsuboshi%20Colors%20-%2012%20%5B720p%5D.mkv
2025-07-20 22:28:52,164 - utils.logger - INFO - Finished downloading %5BHorribleSubs%5D%20Mitsuboshi%20Colors%20-%2006%20%5B720p%5D.mkv
2025-07-20 22:29:09,888 - utils.logger - INFO - Finished downloading %5BHorribleSubs%5D%20Mitsuboshi%20Colors%20-%2005%20%5B720p%5D.mkv
2025-07-20 22:29:46,483 - config.manager - INFO - Settings saved to config.json
2025-07-20 22:29:46,483 - utils.logger - INFO - Application closing.
2025-07-21 00:46:53,792 - utils.logger - INFO - Logger initialized.
2025-07-21 00:47:15,918 - core.lister - INFO - Listing HTTP directory at depth 0: http://172.16.50.9/DHAKA-FLIX-9/Anime%20%26%20Cartoon%20TV%20Series/Anime-TV%20Series%20%E2%99%A5%20%20A%20%20%E2%80%94%20%20F/Aldnoah.Zero%20%28TV%20Cartoon%202014%E2%80%93%20%29%20720p/
2025-07-21 00:47:15,945 - core.lister - INFO - Found item: modern browsers (File) at path: http://browsehappy.com
2025-07-21 00:47:15,945 - core.lister - INFO - Found item: powered by SamOnline (Directory) at path: https://larsjung.de/h5ai
2025-07-21 00:47:15,948 - core.lister - INFO - Found item: Season 1 (Directory) at path: Season%201
2025-07-21 00:47:15,948 - core.lister - INFO - Recursively listing subdirectory: http://172.16.50.9/DHAKA-FLIX-9/Anime%20%26%20Cartoon%20TV%20Series/Anime-TV%20Series%20%E2%99%A5%20%20A%20%20%E2%80%94%20%20F/Aldnoah.Zero%20%28TV%20Cartoon%202014%E2%80%93%20%29%20720p/Season%201/
2025-07-21 00:47:15,948 - core.lister - INFO - Listing HTTP directory at depth 1: http://172.16.50.9/DHAKA-FLIX-9/Anime%20%26%20Cartoon%20TV%20Series/Anime-TV%20Series%20%E2%99%A5%20%20A%20%20%E2%80%94%20%20F/Aldnoah.Zero%20%28TV%20Cartoon%202014%E2%80%93%20%29%20720p/Season%201/
2025-07-21 00:47:16,085 - core.lister - INFO - Found item: modern browsers (File) at path: http://browsehappy.com
2025-07-21 00:47:16,085 - core.lister - INFO - Found item: powered by SamOnline (Directory) at path: https://larsjung.de/h5ai
2025-07-21 00:47:16,085 - core.lister - INFO - Found item: [HorribleSubs] Aldnoah Zero - 01 [720p].mkv (File) at path: Season%201/%5BHorribleSubs%5D%20Aldnoah%20Zero%20-%2001%20%5B720p%5D.mkv
2025-07-21 00:47:16,085 - core.lister - INFO - Found item: [HorribleSubs] Aldnoah Zero - 02 [720p].mkv (File) at path: Season%201/%5BHorribleSubs%5D%20Aldnoah%20Zero%20-%2002%20%5B720p%5D.mkv
2025-07-21 00:47:16,086 - core.lister - INFO - Found item: [HorribleSubs] Aldnoah Zero - 03 [720p].mkv (File) at path: Season%201/%5BHorribleSubs%5D%20Aldnoah%20Zero%20-%2003%20%5B720p%5D.mkv
2025-07-21 00:47:16,086 - core.lister - INFO - Found item: [HorribleSubs] Aldnoah Zero - 04 [720p].mkv (File) at path: Season%201/%5BHorribleSubs%5D%20Aldnoah%20Zero%20-%2004%20%5B720p%5D.mkv
2025-07-21 00:47:16,086 - core.lister - INFO - Found item: [HorribleSubs] Aldnoah Zero - 05 [720p].mkv (File) at path: Season%201/%5BHorribleSubs%5D%20Aldnoah%20Zero%20-%2005%20%5B720p%5D.mkv
2025-07-21 00:47:16,086 - core.lister - INFO - Found item: [HorribleSubs] Aldnoah Zero - 06 [720p].mkv (File) at path: Season%201/%5BHorribleSubs%5D%20Aldnoah%20Zero%20-%2006%20%5B720p%5D.mkv
2025-07-21 00:47:16,086 - core.lister - INFO - Found item: [HorribleSubs] Aldnoah Zero - 07 [720p].mkv (File) at path: Season%201/%5BHorribleSubs%5D%20Aldnoah%20Zero%20-%2007%20%5B720p%5D.mkv
2025-07-21 00:47:16,086 - core.lister - INFO - Found item: [HorribleSubs] Aldnoah Zero - 08 [720p].mkv (File) at path: Season%201/%5BHorribleSubs%5D%20Aldnoah%20Zero%20-%2008%20%5B720p%5D.mkv
2025-07-21 00:47:16,086 - core.lister - INFO - Found item: [HorribleSubs] Aldnoah Zero - 09 [720p].mkv (File) at path: Season%201/%5BHorribleSubs%5D%20Aldnoah%20Zero%20-%2009%20%5B720p%5D.mkv
2025-07-21 00:47:16,086 - core.lister - INFO - Found item: [HorribleSubs] Aldnoah Zero - 10 [720p].mkv (File) at path: Season%201/%5BHorribleSubs%5D%20Aldnoah%20Zero%20-%2010%20%5B720p%5D.mkv
2025-07-21 00:47:16,087 - core.lister - INFO - Found item: [HorribleSubs] Aldnoah Zero - 11 [720p].mkv (File) at path: Season%201/%5BHorribleSubs%5D%20Aldnoah%20Zero%20-%2011%20%5B720p%5D.mkv
2025-07-21 00:47:16,087 - core.lister - INFO - Found item: [HorribleSubs] Aldnoah Zero - 12 [720p].mkv (File) at path: Season%201/%5BHorribleSubs%5D%20Aldnoah%20Zero%20-%2012%20%5B720p%5D.mkv
2025-07-21 00:47:16,087 - core.lister - INFO - Found item: Season 2 (Directory) at path: Season%202
2025-07-21 00:47:16,087 - core.lister - INFO - Recursively listing subdirectory: http://172.16.50.9/DHAKA-FLIX-9/Anime%20%26%20Cartoon%20TV%20Series/Anime-TV%20Series%20%E2%99%A5%20%20A%20%20%E2%80%94%20%20F/Aldnoah.Zero%20%28TV%20Cartoon%202014%E2%80%93%20%29%20720p/Season%202/
2025-07-21 00:47:16,087 - core.lister - INFO - Listing HTTP directory at depth 1: http://172.16.50.9/DHAKA-FLIX-9/Anime%20%26%20Cartoon%20TV%20Series/Anime-TV%20Series%20%E2%99%A5%20%20A%20%20%E2%80%94%20%20F/Aldnoah.Zero%20%28TV%20Cartoon%202014%E2%80%93%20%29%20720p/Season%202/
2025-07-21 00:47:16,243 - core.lister - INFO - Found item: modern browsers (File) at path: http://browsehappy.com
2025-07-21 00:47:16,244 - core.lister - INFO - Found item: powered by SamOnline (Directory) at path: https://larsjung.de/h5ai
2025-07-21 00:47:16,244 - core.lister - INFO - Found item: [HorribleSubs] Aldnoah Zero - 13 [720p].mkv (File) at path: Season%202/%5BHorribleSubs%5D%20Aldnoah%20Zero%20-%2013%20%5B720p%5D.mkv
2025-07-21 00:47:16,244 - core.lister - INFO - Found item: [HorribleSubs] Aldnoah Zero - 14 [720p].mkv (File) at path: Season%202/%5BHorribleSubs%5D%20Aldnoah%20Zero%20-%2014%20%5B720p%5D.mkv
2025-07-21 00:47:16,244 - core.lister - INFO - Found item: [HorribleSubs] Aldnoah Zero - 15 [720p].mkv (File) at path: Season%202/%5BHorribleSubs%5D%20Aldnoah%20Zero%20-%2015%20%5B720p%5D.mkv
2025-07-21 00:47:16,244 - core.lister - INFO - Found item: [HorribleSubs] Aldnoah Zero - 16 [720p].mkv (File) at path: Season%202/%5BHorribleSubs%5D%20Aldnoah%20Zero%20-%2016%20%5B720p%5D.mkv
2025-07-21 00:47:16,245 - core.lister - INFO - Found item: [HorribleSubs] Aldnoah Zero - 17 [720p].mkv (File) at path: Season%202/%5BHorribleSubs%5D%20Aldnoah%20Zero%20-%2017%20%5B720p%5D.mkv
2025-07-21 00:47:16,245 - core.lister - INFO - Found item: [HorribleSubs] Aldnoah Zero - 18 [720p].mkv (File) at path: Season%202/%5BHorribleSubs%5D%20Aldnoah%20Zero%20-%2018%20%5B720p%5D.mkv
2025-07-21 00:47:16,245 - core.lister - INFO - Found item: [HorribleSubs] Aldnoah Zero - 19 [720p].mkv (File) at path: Season%202/%5BHorribleSubs%5D%20Aldnoah%20Zero%20-%2019%20%5B720p%5D.mkv
2025-07-21 00:47:16,245 - core.lister - INFO - Found item: [HorribleSubs] Aldnoah Zero - 20 [720p].mkv (File) at path: Season%202/%5BHorribleSubs%5D%20Aldnoah%20Zero%20-%2020%20%5B720p%5D.mkv
2025-07-21 00:47:16,245 - core.lister - INFO - Found item: [HorribleSubs] Aldnoah Zero - 21 [720p].mkv (File) at path: Season%202/%5BHorribleSubs%5D%20Aldnoah%20Zero%20-%2021%20%5B720p%5D.mkv
2025-07-21 00:47:16,245 - core.lister - INFO - Found item: [HorribleSubs] Aldnoah Zero - 22 [720p].mkv (File) at path: Season%202/%5BHorribleSubs%5D%20Aldnoah%20Zero%20-%2022%20%5B720p%5D.mkv
2025-07-21 00:47:16,245 - core.lister - INFO - Found item: [HorribleSubs] Aldnoah Zero - 23 [720p].mkv (File) at path: Season%202/%5BHorribleSubs%5D%20Aldnoah%20Zero%20-%2023%20%5B720p%5D.mkv
2025-07-21 00:47:16,246 - core.lister - INFO - Found item: [HorribleSubs] Aldnoah Zero - 24 [720p].mkv (File) at path: Season%202/%5BHorribleSubs%5D%20Aldnoah%20Zero%20-%2024%20%5B720p%5D.mkv
2025-07-21 00:47:16,246 - core.lister - INFO - Found item: aa5.jpg (File) at path: aa5.jpg
2025-07-21 00:47:16,246 - core.lister - INFO - Found item: afull.jpg (File) at path: afull.jpg
2025-07-21 00:47:16,246 - core.lister - INFO - Found item: aHL.jpg (File) at path: aHL.jpg
2025-07-21 00:47:49,431 - utils.logger - INFO - Logger initialized.
2025-07-21 00:51:21,947 - config.manager - INFO - Settings saved to config.json
2025-07-21 00:51:21,947 - utils.logger - INFO - Application closing.
2025-07-21 00:51:25,754 - utils.logger - INFO - Logger initialized.
2025-07-21 00:51:30,800 - core.lister - INFO - Listing HTTP directory at depth 0: https://youtu.be/40NiVvUY6Y0?si=FP9yhPtE0gdso4rC
2025-07-21 00:51:32,263 - core.lister - INFO - Found item:  (Directory) at path: /
2025-07-21 00:51:32,264 - core.lister - INFO - Found item:  (Directory) at path: /
2025-07-21 00:51:42,607 - core.lister - INFO - Listing HTTP directory at depth 0: http://172.16.50.9/DHAKA-FLIX-9/Anime%20%26%20Cartoon%20TV%20Series/Anime-TV%20Series%20%E2%99%A5%20%20A%20%20%E2%80%94%20%20F/Aldnoah.Zero%20%28TV%20Cartoon%202014%E2%80%93%20%29%20720p/
2025-07-21 00:51:42,624 - core.lister - INFO - Found item: modern browsers (File) at path: http://browsehappy.com
2025-07-21 00:51:42,625 - core.lister - INFO - Found item: powered by SamOnline (Directory) at path: https://larsjung.de/h5ai
2025-07-21 00:51:42,625 - core.lister - INFO - Found item: Season 1 (Directory) at path: Season%201
2025-07-21 00:51:42,625 - core.lister - INFO - Recursively listing subdirectory: http://172.16.50.9/DHAKA-FLIX-9/Anime%20%26%20Cartoon%20TV%20Series/Anime-TV%20Series%20%E2%99%A5%20%20A%20%20%E2%80%94%20%20F/Aldnoah.Zero%20%28TV%20Cartoon%202014%E2%80%93%20%29%20720p/Season%201/
2025-07-21 00:51:42,625 - core.lister - INFO - Listing HTTP directory at depth 1: http://172.16.50.9/DHAKA-FLIX-9/Anime%20%26%20Cartoon%20TV%20Series/Anime-TV%20Series%20%E2%99%A5%20%20A%20%20%E2%80%94%20%20F/Aldnoah.Zero%20%28TV%20Cartoon%202014%E2%80%93%20%29%20720p/Season%201/
2025-07-21 00:51:42,642 - core.lister - INFO - Found item: modern browsers (File) at path: http://browsehappy.com
2025-07-21 00:51:42,642 - core.lister - INFO - Found item: powered by SamOnline (Directory) at path: https://larsjung.de/h5ai
2025-07-21 00:51:42,642 - core.lister - INFO - Found item: [HorribleSubs] Aldnoah Zero - 01 [720p].mkv (File) at path: Season%201/%5BHorribleSubs%5D%20Aldnoah%20Zero%20-%2001%20%5B720p%5D.mkv
2025-07-21 00:51:42,642 - core.lister - INFO - Found item: [HorribleSubs] Aldnoah Zero - 02 [720p].mkv (File) at path: Season%201/%5BHorribleSubs%5D%20Aldnoah%20Zero%20-%2002%20%5B720p%5D.mkv
2025-07-21 00:51:42,642 - core.lister - INFO - Found item: [HorribleSubs] Aldnoah Zero - 03 [720p].mkv (File) at path: Season%201/%5BHorribleSubs%5D%20Aldnoah%20Zero%20-%2003%20%5B720p%5D.mkv
2025-07-21 00:51:42,643 - core.lister - INFO - Found item: [HorribleSubs] Aldnoah Zero - 04 [720p].mkv (File) at path: Season%201/%5BHorribleSubs%5D%20Aldnoah%20Zero%20-%2004%20%5B720p%5D.mkv
2025-07-21 00:51:42,643 - core.lister - INFO - Found item: [HorribleSubs] Aldnoah Zero - 05 [720p].mkv (File) at path: Season%201/%5BHorribleSubs%5D%20Aldnoah%20Zero%20-%2005%20%5B720p%5D.mkv
2025-07-21 00:51:42,643 - core.lister - INFO - Found item: [HorribleSubs] Aldnoah Zero - 06 [720p].mkv (File) at path: Season%201/%5BHorribleSubs%5D%20Aldnoah%20Zero%20-%2006%20%5B720p%5D.mkv
2025-07-21 00:51:42,643 - core.lister - INFO - Found item: [HorribleSubs] Aldnoah Zero - 07 [720p].mkv (File) at path: Season%201/%5BHorribleSubs%5D%20Aldnoah%20Zero%20-%2007%20%5B720p%5D.mkv
2025-07-21 00:51:42,643 - core.lister - INFO - Found item: [HorribleSubs] Aldnoah Zero - 08 [720p].mkv (File) at path: Season%201/%5BHorribleSubs%5D%20Aldnoah%20Zero%20-%2008%20%5B720p%5D.mkv
2025-07-21 00:51:42,644 - core.lister - INFO - Found item: [HorribleSubs] Aldnoah Zero - 09 [720p].mkv (File) at path: Season%201/%5BHorribleSubs%5D%20Aldnoah%20Zero%20-%2009%20%5B720p%5D.mkv
2025-07-21 00:51:42,644 - core.lister - INFO - Found item: [HorribleSubs] Aldnoah Zero - 10 [720p].mkv (File) at path: Season%201/%5BHorribleSubs%5D%20Aldnoah%20Zero%20-%2010%20%5B720p%5D.mkv
2025-07-21 00:51:42,644 - core.lister - INFO - Found item: [HorribleSubs] Aldnoah Zero - 11 [720p].mkv (File) at path: Season%201/%5BHorribleSubs%5D%20Aldnoah%20Zero%20-%2011%20%5B720p%5D.mkv
2025-07-21 00:51:42,644 - core.lister - INFO - Found item: [HorribleSubs] Aldnoah Zero - 12 [720p].mkv (File) at path: Season%201/%5BHorribleSubs%5D%20Aldnoah%20Zero%20-%2012%20%5B720p%5D.mkv
2025-07-21 00:51:42,644 - core.lister - INFO - Found item: Season 2 (Directory) at path: Season%202
2025-07-21 00:51:42,645 - core.lister - INFO - Recursively listing subdirectory: http://172.16.50.9/DHAKA-FLIX-9/Anime%20%26%20Cartoon%20TV%20Series/Anime-TV%20Series%20%E2%99%A5%20%20A%20%20%E2%80%94%20%20F/Aldnoah.Zero%20%28TV%20Cartoon%202014%E2%80%93%20%29%20720p/Season%202/
2025-07-21 00:51:42,645 - core.lister - INFO - Listing HTTP directory at depth 1: http://172.16.50.9/DHAKA-FLIX-9/Anime%20%26%20Cartoon%20TV%20Series/Anime-TV%20Series%20%E2%99%A5%20%20A%20%20%E2%80%94%20%20F/Aldnoah.Zero%20%28TV%20Cartoon%202014%E2%80%93%20%29%20720p/Season%202/
2025-07-21 00:51:42,658 - core.lister - INFO - Found item: modern browsers (File) at path: http://browsehappy.com
2025-07-21 00:51:42,659 - core.lister - INFO - Found item: powered by SamOnline (Directory) at path: https://larsjung.de/h5ai
2025-07-21 00:51:42,659 - core.lister - INFO - Found item: [HorribleSubs] Aldnoah Zero - 13 [720p].mkv (File) at path: Season%202/%5BHorribleSubs%5D%20Aldnoah%20Zero%20-%2013%20%5B720p%5D.mkv
2025-07-21 00:51:42,659 - core.lister - INFO - Found item: [HorribleSubs] Aldnoah Zero - 14 [720p].mkv (File) at path: Season%202/%5BHorribleSubs%5D%20Aldnoah%20Zero%20-%2014%20%5B720p%5D.mkv
2025-07-21 00:51:42,659 - core.lister - INFO - Found item: [HorribleSubs] Aldnoah Zero - 15 [720p].mkv (File) at path: Season%202/%5BHorribleSubs%5D%20Aldnoah%20Zero%20-%2015%20%5B720p%5D.mkv
2025-07-21 00:51:42,660 - core.lister - INFO - Found item: [HorribleSubs] Aldnoah Zero - 16 [720p].mkv (File) at path: Season%202/%5BHorribleSubs%5D%20Aldnoah%20Zero%20-%2016%20%5B720p%5D.mkv
2025-07-21 00:51:42,660 - core.lister - INFO - Found item: [HorribleSubs] Aldnoah Zero - 17 [720p].mkv (File) at path: Season%202/%5BHorribleSubs%5D%20Aldnoah%20Zero%20-%2017%20%5B720p%5D.mkv
2025-07-21 00:51:42,660 - core.lister - INFO - Found item: [HorribleSubs] Aldnoah Zero - 18 [720p].mkv (File) at path: Season%202/%5BHorribleSubs%5D%20Aldnoah%20Zero%20-%2018%20%5B720p%5D.mkv
2025-07-21 00:51:42,660 - core.lister - INFO - Found item: [HorribleSubs] Aldnoah Zero - 19 [720p].mkv (File) at path: Season%202/%5BHorribleSubs%5D%20Aldnoah%20Zero%20-%2019%20%5B720p%5D.mkv
2025-07-21 00:51:42,660 - core.lister - INFO - Found item: [HorribleSubs] Aldnoah Zero - 20 [720p].mkv (File) at path: Season%202/%5BHorribleSubs%5D%20Aldnoah%20Zero%20-%2020%20%5B720p%5D.mkv
2025-07-21 00:51:42,661 - core.lister - INFO - Found item: [HorribleSubs] Aldnoah Zero - 21 [720p].mkv (File) at path: Season%202/%5BHorribleSubs%5D%20Aldnoah%20Zero%20-%2021%20%5B720p%5D.mkv
2025-07-21 00:51:42,661 - core.lister - INFO - Found item: [HorribleSubs] Aldnoah Zero - 22 [720p].mkv (File) at path: Season%202/%5BHorribleSubs%5D%20Aldnoah%20Zero%20-%2022%20%5B720p%5D.mkv
2025-07-21 00:51:42,661 - core.lister - INFO - Found item: [HorribleSubs] Aldnoah Zero - 23 [720p].mkv (File) at path: Season%202/%5BHorribleSubs%5D%20Aldnoah%20Zero%20-%2023%20%5B720p%5D.mkv
2025-07-21 00:51:42,661 - core.lister - INFO - Found item: [HorribleSubs] Aldnoah Zero - 24 [720p].mkv (File) at path: Season%202/%5BHorribleSubs%5D%20Aldnoah%20Zero%20-%2024%20%5B720p%5D.mkv
2025-07-21 00:51:42,661 - core.lister - INFO - Found item: aa5.jpg (File) at path: aa5.jpg
2025-07-21 00:51:42,662 - core.lister - INFO - Found item: afull.jpg (File) at path: afull.jpg
2025-07-21 00:51:42,662 - core.lister - INFO - Found item: aHL.jpg (File) at path: aHL.jpg
2025-07-21 00:53:08,975 - config.manager - INFO - Settings saved to config.json
2025-07-21 00:53:08,975 - utils.logger - INFO - Application closing.
2025-07-21 00:55:13,138 - utils.logger - INFO - Logger initialized.
2025-07-21 00:55:16,612 - core.lister - INFO - Listing HTTP directory at depth 0: http://172.16.50.9/DHAKA-FLIX-9/Anime%20%26%20Cartoon%20TV%20Series/Anime-TV%20Series%20%E2%99%A5%20%20A%20%20%E2%80%94%20%20F/Aldnoah.Zero%20%28TV%20Cartoon%202014%E2%80%93%20%29%20720p/
2025-07-21 00:55:16,645 - core.lister - INFO - Found item: modern browsers (File) at path: http://browsehappy.com
2025-07-21 00:55:16,645 - core.lister - INFO - Found item: powered by SamOnline (Directory) at path: https://larsjung.de/h5ai
2025-07-21 00:55:16,645 - core.lister - INFO - Found item: Season 1 (Directory) at path: Season%201
2025-07-21 00:55:16,645 - core.lister - INFO - Recursively listing subdirectory: http://172.16.50.9/DHAKA-FLIX-9/Anime%20%26%20Cartoon%20TV%20Series/Anime-TV%20Series%20%E2%99%A5%20%20A%20%20%E2%80%94%20%20F/Aldnoah.Zero%20%28TV%20Cartoon%202014%E2%80%93%20%29%20720p/Season%201/
2025-07-21 00:55:16,646 - core.lister - INFO - Listing HTTP directory at depth 1: http://172.16.50.9/DHAKA-FLIX-9/Anime%20%26%20Cartoon%20TV%20Series/Anime-TV%20Series%20%E2%99%A5%20%20A%20%20%E2%80%94%20%20F/Aldnoah.Zero%20%28TV%20Cartoon%202014%E2%80%93%20%29%20720p/Season%201/
2025-07-21 00:55:16,677 - core.lister - INFO - Found item: modern browsers (File) at path: http://browsehappy.com
2025-07-21 00:55:16,678 - core.lister - INFO - Found item: powered by SamOnline (Directory) at path: https://larsjung.de/h5ai
2025-07-21 00:55:16,678 - core.lister - INFO - Found item: [HorribleSubs] Aldnoah Zero - 01 [720p].mkv (File) at path: Season%201/%5BHorribleSubs%5D%20Aldnoah%20Zero%20-%2001%20%5B720p%5D.mkv
2025-07-21 00:55:16,678 - core.lister - INFO - Found item: [HorribleSubs] Aldnoah Zero - 02 [720p].mkv (File) at path: Season%201/%5BHorribleSubs%5D%20Aldnoah%20Zero%20-%2002%20%5B720p%5D.mkv
2025-07-21 00:55:16,678 - core.lister - INFO - Found item: [HorribleSubs] Aldnoah Zero - 03 [720p].mkv (File) at path: Season%201/%5BHorribleSubs%5D%20Aldnoah%20Zero%20-%2003%20%5B720p%5D.mkv
2025-07-21 00:55:16,679 - core.lister - INFO - Found item: [HorribleSubs] Aldnoah Zero - 04 [720p].mkv (File) at path: Season%201/%5BHorribleSubs%5D%20Aldnoah%20Zero%20-%2004%20%5B720p%5D.mkv
2025-07-21 00:55:16,679 - core.lister - INFO - Found item: [HorribleSubs] Aldnoah Zero - 05 [720p].mkv (File) at path: Season%201/%5BHorribleSubs%5D%20Aldnoah%20Zero%20-%2005%20%5B720p%5D.mkv
2025-07-21 00:55:16,679 - core.lister - INFO - Found item: [HorribleSubs] Aldnoah Zero - 06 [720p].mkv (File) at path: Season%201/%5BHorribleSubs%5D%20Aldnoah%20Zero%20-%2006%20%5B720p%5D.mkv
2025-07-21 00:55:16,679 - core.lister - INFO - Found item: [HorribleSubs] Aldnoah Zero - 07 [720p].mkv (File) at path: Season%201/%5BHorribleSubs%5D%20Aldnoah%20Zero%20-%2007%20%5B720p%5D.mkv
2025-07-21 00:55:16,679 - core.lister - INFO - Found item: [HorribleSubs] Aldnoah Zero - 08 [720p].mkv (File) at path: Season%201/%5BHorribleSubs%5D%20Aldnoah%20Zero%20-%2008%20%5B720p%5D.mkv
2025-07-21 00:55:16,679 - core.lister - INFO - Found item: [HorribleSubs] Aldnoah Zero - 09 [720p].mkv (File) at path: Season%201/%5BHorribleSubs%5D%20Aldnoah%20Zero%20-%2009%20%5B720p%5D.mkv
2025-07-21 00:55:16,680 - core.lister - INFO - Found item: [HorribleSubs] Aldnoah Zero - 10 [720p].mkv (File) at path: Season%201/%5BHorribleSubs%5D%20Aldnoah%20Zero%20-%2010%20%5B720p%5D.mkv
2025-07-21 00:55:16,680 - core.lister - INFO - Found item: [HorribleSubs] Aldnoah Zero - 11 [720p].mkv (File) at path: Season%201/%5BHorribleSubs%5D%20Aldnoah%20Zero%20-%2011%20%5B720p%5D.mkv
2025-07-21 00:55:16,680 - core.lister - INFO - Found item: [HorribleSubs] Aldnoah Zero - 12 [720p].mkv (File) at path: Season%201/%5BHorribleSubs%5D%20Aldnoah%20Zero%20-%2012%20%5B720p%5D.mkv
2025-07-21 00:55:16,680 - core.lister - INFO - Found item: Season 2 (Directory) at path: Season%202
2025-07-21 00:55:16,680 - core.lister - INFO - Recursively listing subdirectory: http://172.16.50.9/DHAKA-FLIX-9/Anime%20%26%20Cartoon%20TV%20Series/Anime-TV%20Series%20%E2%99%A5%20%20A%20%20%E2%80%94%20%20F/Aldnoah.Zero%20%28TV%20Cartoon%202014%E2%80%93%20%29%20720p/Season%202/
2025-07-21 00:55:16,680 - core.lister - INFO - Listing HTTP directory at depth 1: http://172.16.50.9/DHAKA-FLIX-9/Anime%20%26%20Cartoon%20TV%20Series/Anime-TV%20Series%20%E2%99%A5%20%20A%20%20%E2%80%94%20%20F/Aldnoah.Zero%20%28TV%20Cartoon%202014%E2%80%93%20%29%20720p/Season%202/
2025-07-21 00:55:16,695 - core.lister - INFO - Found item: modern browsers (File) at path: http://browsehappy.com
2025-07-21 00:55:16,695 - core.lister - INFO - Found item: powered by SamOnline (Directory) at path: https://larsjung.de/h5ai
2025-07-21 00:55:16,695 - core.lister - INFO - Found item: [HorribleSubs] Aldnoah Zero - 13 [720p].mkv (File) at path: Season%202/%5BHorribleSubs%5D%20Aldnoah%20Zero%20-%2013%20%5B720p%5D.mkv
2025-07-21 00:55:16,696 - core.lister - INFO - Found item: [HorribleSubs] Aldnoah Zero - 14 [720p].mkv (File) at path: Season%202/%5BHorribleSubs%5D%20Aldnoah%20Zero%20-%2014%20%5B720p%5D.mkv
2025-07-21 00:55:16,696 - core.lister - INFO - Found item: [HorribleSubs] Aldnoah Zero - 15 [720p].mkv (File) at path: Season%202/%5BHorribleSubs%5D%20Aldnoah%20Zero%20-%2015%20%5B720p%5D.mkv
2025-07-21 00:55:16,696 - core.lister - INFO - Found item: [HorribleSubs] Aldnoah Zero - 16 [720p].mkv (File) at path: Season%202/%5BHorribleSubs%5D%20Aldnoah%20Zero%20-%2016%20%5B720p%5D.mkv
2025-07-21 00:55:16,696 - core.lister - INFO - Found item: [HorribleSubs] Aldnoah Zero - 17 [720p].mkv (File) at path: Season%202/%5BHorribleSubs%5D%20Aldnoah%20Zero%20-%2017%20%5B720p%5D.mkv
2025-07-21 00:55:16,696 - core.lister - INFO - Found item: [HorribleSubs] Aldnoah Zero - 18 [720p].mkv (File) at path: Season%202/%5BHorribleSubs%5D%20Aldnoah%20Zero%20-%2018%20%5B720p%5D.mkv
2025-07-21 00:55:16,697 - core.lister - INFO - Found item: [HorribleSubs] Aldnoah Zero - 19 [720p].mkv (File) at path: Season%202/%5BHorribleSubs%5D%20Aldnoah%20Zero%20-%2019%20%5B720p%5D.mkv
2025-07-21 00:55:16,697 - core.lister - INFO - Found item: [HorribleSubs] Aldnoah Zero - 20 [720p].mkv (File) at path: Season%202/%5BHorribleSubs%5D%20Aldnoah%20Zero%20-%2020%20%5B720p%5D.mkv
2025-07-21 00:55:16,697 - core.lister - INFO - Found item: [HorribleSubs] Aldnoah Zero - 21 [720p].mkv (File) at path: Season%202/%5BHorribleSubs%5D%20Aldnoah%20Zero%20-%2021%20%5B720p%5D.mkv
2025-07-21 00:55:16,697 - core.lister - INFO - Found item: [HorribleSubs] Aldnoah Zero - 22 [720p].mkv (File) at path: Season%202/%5BHorribleSubs%5D%20Aldnoah%20Zero%20-%2022%20%5B720p%5D.mkv
2025-07-21 00:55:16,697 - core.lister - INFO - Found item: [HorribleSubs] Aldnoah Zero - 23 [720p].mkv (File) at path: Season%202/%5BHorribleSubs%5D%20Aldnoah%20Zero%20-%2023%20%5B720p%5D.mkv
2025-07-21 00:55:16,697 - core.lister - INFO - Found item: [HorribleSubs] Aldnoah Zero - 24 [720p].mkv (File) at path: Season%202/%5BHorribleSubs%5D%20Aldnoah%20Zero%20-%2024%20%5B720p%5D.mkv
2025-07-21 00:55:16,698 - core.lister - INFO - Found item: aa5.jpg (File) at path: aa5.jpg
2025-07-21 00:55:16,698 - core.lister - INFO - Found item: afull.jpg (File) at path: afull.jpg
2025-07-21 00:55:16,698 - core.lister - INFO - Found item: aHL.jpg (File) at path: aHL.jpg
2025-07-21 00:55:40,890 - config.manager - INFO - Settings saved to config.json
2025-07-21 00:55:40,890 - utils.logger - INFO - Application closing.
